<?xml version="1.0" encoding="UTF-8"?>
<testsuite xmlns:xsi="http://www.w3.org/2001/XMLSchema-instance" xsi:noNamespaceSchemaLocation="https://maven.apache.org/surefire/maven-surefire-plugin/xsd/surefire-test-report.xsd" version="3.0.2" name="com.example.taskmanager.perository.specification.TaskSpecificationTest" time="3.665" tests="4" errors="0" skipped="0" failures="0" flakes="0">
  <properties>
[...]
</properties>
  <testcase name="hasAuthorTest" classname="com.example.taskmanager.perository.specification.TaskSpecificationTest" time="0.354">
    <system-out><![CDATA[14:27:31.102 [main] INFO org.springframework.test.context.support.AnnotationConfigContextLoaderUtils -- Could not detect default configuration classes for test class [com.example.taskmanager.perository.specification.TaskSpecificationTest]: TaskSpecificationTest does not declare any static, non-private, non-final, nested classes annotated with @Configuration.
14:27:31.204 [main] INFO org.springframework.boot.test.context.SpringBootTestContextBootstrapper -- Found @SpringBootConfiguration com.example.taskmanager.TaskManagerApplication for test class com.example.taskmanager.perository.specification.TaskSpecificationTest

  .   ____          _            __ _ _
 /\\ / ___'_ __ _ _(_)_ __  __ _ \ \ \ \
( ( )\___ | '_ | '_| | '_ \/ _` | \ \ \ \
 \\/  ___)| |_)| | | | | || (_| |  ) ) ) )
  '  |____| .__|_| |_|_| |_\__, | / / / /
 =========|_|==============|___/=/_/_/_/

 :: Spring Boot ::               (v3.5.16)

2026-07-22T14:27:31.662+03:00  INFO 21024 --- [taskmanager] [           main] c.e.t.p.s.TaskSpecificationTest          : Starting TaskSpecificationTest using Java 21.0.11 with PID 21024 (started by User in C:\Users\User\IdeaProjects\TaskManager)
2026-07-22T14:27:31.663+03:00  INFO 21024 --- [taskmanager] [           main] c.e.t.p.s.TaskSpecificationTest          : No active profile set, falling back to 1 default profile: "default"
2026-07-22T14:27:32.059+03:00  INFO 21024 --- [taskmanager] [           main] .s.d.r.c.RepositoryConfigurationDelegate : Bootstrapping Spring Data JPA repositories in DEFAULT mode.
2026-07-22T14:27:32.136+03:00  INFO 21024 --- [taskmanager] [           main] .s.d.r.c.RepositoryConfigurationDelegate : Finished Spring Data repository scanning in 65 ms. Found 2 JPA repository interfaces.
2026-07-22T14:27:32.211+03:00  INFO 21024 --- [taskmanager] [           main] beddedDataSourceBeanFactoryPostProcessor : Replacing 'dataSource' DataSource bean with embedded version
2026-07-22T14:27:32.318+03:00  INFO 21024 --- [taskmanager] [           main] o.s.j.d.e.EmbeddedDatabaseFactory        : Starting embedded database: url='jdbc:h2:mem:409a9a5b-b2ba-4456-82ac-4914773742f5;DB_CLOSE_DELAY=-1;DB_CLOSE_ON_EXIT=false', username='sa'
2026-07-22T14:27:32.679+03:00  INFO 21024 --- [taskmanager] [           main] o.hibernate.jpa.internal.util.LogHelper  : HHH000204: Processing PersistenceUnitInfo [name: default]
2026-07-22T14:27:32.765+03:00  INFO 21024 --- [taskmanager] [           main] org.hibernate.Version                    : HHH000412: Hibernate ORM core version 6.6.53.Final
2026-07-22T14:27:32.815+03:00  INFO 21024 --- [taskmanager] [           main] o.h.c.internal.RegionFactoryInitiator    : HHH000026: Second-level cache disabled
2026-07-22T14:27:32.960+03:00  INFO 21024 --- [taskmanager] [           main] o.s.o.j.p.SpringPersistenceUnitInfo      : No LoadTimeWeaver setup: ignoring JPA class transformer
2026-07-22T14:27:33.021+03:00  WARN 21024 --- [taskmanager] [           main] org.hibernate.orm.deprecation            : HHH90000025: H2Dialect does not need to be specified explicitly using 'hibernate.dialect' (remove the property setting and it will be selected by default)
2026-07-22T14:27:33.040+03:00  INFO 21024 --- [taskmanager] [           main] org.hibernate.orm.connections.pooling    : HHH10001005: Database info:
	Database JDBC URL [Connecting through datasource 'org.springframework.jdbc.datasource.embedded.EmbeddedDatabaseFactory$EmbeddedDataSourceProxy@42edde25']
	Database driver: undefined/unknown
	Database version: 2.4.240
	Autocommit mode: undefined/unknown
	Isolation level: undefined/unknown
	Minimum pool size: undefined/unknown
	Maximum pool size: undefined/unknown
2026-07-22T14:27:33.743+03:00  INFO 21024 --- [taskmanager] [           main] o.h.e.t.j.p.i.JtaPlatformInitiator       : HHH000489: No JTA platform available (set 'hibernate.transaction.jta.platform' to enable JTA platform integration)
Hibernate: create table tasks (task_id bigint generated by default as identity, created timestamp(6) with time zone, description varchar(255), priority enum ('HIGH','LOW','MEDIUM'), status enum ('DONE','IN_PROGRESS','TODO'), title varchar(255) not null, updated timestamp(6) with time zone, assignee_id bigint, author_id bigint not null, primary key (task_id))
Hibernate: create table users (user_id bigint generated by default as identity, email varchar(255), password varchar(255) not null, role enum ('ADMIN','USER') not null, username varchar(255) not null, primary key (user_id))
Hibernate: alter table if exists users drop constraint if exists UKr43af9ap4edm43mmtq01oddj6
Hibernate: alter table if exists users add constraint UKr43af9ap4edm43mmtq01oddj6 unique (username)
Hibernate: alter table if exists tasks add constraint FKekr1dgiqktpyoip3qmp6lxsit foreign key (assignee_id) references users
Hibernate: alter table if exists tasks add constraint FKhods8r8oyyx7tuj3c91ki2sk1 foreign key (author_id) references users
2026-07-22T14:27:33.804+03:00  INFO 21024 --- [taskmanager] [           main] j.LocalContainerEntityManagerFactoryBean : Initialized JPA EntityManagerFactory for persistence unit 'default'
2026-07-22T14:27:34.275+03:00  INFO 21024 --- [taskmanager] [           main] c.e.t.p.s.TaskSpecificationTest          : Started TaskSpecificationTest in 3.029 seconds (process running for 5.255)
Hibernate: select t1_0.task_id,t1_0.assignee_id,t1_0.author_id,t1_0.created,t1_0.description,t1_0.priority,t1_0.status,t1_0.title,t1_0.updated from tasks t1_0
Hibernate: select u1_0.user_id,u1_0.email,u1_0.password,u1_0.role,u1_0.username from users u1_0 where u1_0.user_id=?
Hibernate: select u1_0.user_id,u1_0.email,u1_0.password,u1_0.role,u1_0.username from users u1_0 where u1_0.user_id=?
Hibernate: select u1_0.user_id,u1_0.email,u1_0.password,u1_0.role,u1_0.username from users u1_0
Hibernate: insert into users (email,password,role,username,user_id) values (?,?,?,?,default)
Hibernate: insert into users (email,password,role,username,user_id) values (?,?,?,?,default)
Hibernate: insert into tasks (assignee_id,author_id,created,description,priority,status,title,updated,task_id) values (?,?,?,?,?,?,?,?,default)
Hibernate: insert into tasks (assignee_id,author_id,created,description,priority,status,title,updated,task_id) values (?,?,?,?,?,?,?,?,default)
Hibernate: insert into tasks (assignee_id,author_id,created,description,priority,status,title,updated,task_id) values (?,?,?,?,?,?,?,?,default)
Hibernate: insert into tasks (assignee_id,author_id,created,description,priority,status,title,updated,task_id) values (?,?,?,?,?,?,?,?,default)
Hibernate: insert into tasks (assignee_id,author_id,created,description,priority,status,title,updated,task_id) values (?,?,?,?,?,?,?,?,default)
Hibernate: insert into tasks (assignee_id,author_id,created,description,priority,status,title,updated,task_id) values (?,?,?,?,?,?,?,?,default)
Hibernate: delete from tasks where task_id=?
Hibernate: delete from tasks where task_id=?
Hibernate: delete from tasks where task_id=?
Hibernate: delete from tasks where task_id=?
Hibernate: delete from users where user_id=?
Hibernate: delete from users where user_id=?
Hibernate: select u1_0.user_id,u1_0.email,u1_0.password,u1_0.role,u1_0.username from users u1_0 where u1_0.username=?
Hibernate: select t1_0.task_id,t1_0.assignee_id,t1_0.author_id,t1_0.created,t1_0.description,t1_0.priority,t1_0.status,t1_0.title,t1_0.updated from tasks t1_0 join users a1_0 on a1_0.user_id=t1_0.author_id where a1_0.user_id=?
]]></system-out>
  </testcase>
  <testcase name="hasAssigneeTest" classname="com.example.taskmanager.perository.specification.TaskSpecificationTest" time="0.023">
    <system-out><![CDATA[Hibernate: select t1_0.task_id,t1_0.assignee_id,t1_0.author_id,t1_0.created,t1_0.description,t1_0.priority,t1_0.status,t1_0.title,t1_0.updated from tasks t1_0
Hibernate: select u1_0.user_id,u1_0.email,u1_0.password,u1_0.role,u1_0.username from users u1_0 where u1_0.user_id=?
Hibernate: select u1_0.user_id,u1_0.email,u1_0.password,u1_0.role,u1_0.username from users u1_0 where u1_0.user_id=?
Hibernate: select u1_0.user_id,u1_0.email,u1_0.password,u1_0.role,u1_0.username from users u1_0
Hibernate: insert into users (email,password,role,username,user_id) values (?,?,?,?,default)
Hibernate: insert into users (email,password,role,username,user_id) values (?,?,?,?,default)
Hibernate: insert into tasks (assignee_id,author_id,created,description,priority,status,title,updated,task_id) values (?,?,?,?,?,?,?,?,default)
Hibernate: insert into tasks (assignee_id,author_id,created,description,priority,status,title,updated,task_id) values (?,?,?,?,?,?,?,?,default)
Hibernate: insert into tasks (assignee_id,author_id,created,description,priority,status,title,updated,task_id) values (?,?,?,?,?,?,?,?,default)
Hibernate: insert into tasks (assignee_id,author_id,created,description,priority,status,title,updated,task_id) values (?,?,?,?,?,?,?,?,default)
Hibernate: insert into tasks (assignee_id,author_id,created,description,priority,status,title,updated,task_id) values (?,?,?,?,?,?,?,?,default)
Hibernate: insert into tasks (assignee_id,author_id,created,description,priority,status,title,updated,task_id) values (?,?,?,?,?,?,?,?,default)
Hibernate: delete from tasks where task_id=?
Hibernate: delete from tasks where task_id=?
Hibernate: delete from tasks where task_id=?
Hibernate: delete from tasks where task_id=?
Hibernate: delete from users where user_id=?
Hibernate: delete from users where user_id=?
Hibernate: select u1_0.user_id,u1_0.email,u1_0.password,u1_0.role,u1_0.username from users u1_0 where u1_0.username=?
Hibernate: select t1_0.task_id,t1_0.assignee_id,t1_0.author_id,t1_0.created,t1_0.description,t1_0.priority,t1_0.status,t1_0.title,t1_0.updated from tasks t1_0 join users a1_0 on a1_0.user_id=t1_0.assignee_id where a1_0.user_id=?
]]></system-out>
  </testcase>
  <testcase name="combineConditionTest" classname="com.example.taskmanager.perository.specification.TaskSpecificationTest" time="0.032">
    <system-out><![CDATA[Hibernate: select t1_0.task_id,t1_0.assignee_id,t1_0.author_id,t1_0.created,t1_0.description,t1_0.priority,t1_0.status,t1_0.title,t1_0.updated from tasks t1_0
Hibernate: select u1_0.user_id,u1_0.email,u1_0.password,u1_0.role,u1_0.username from users u1_0 where u1_0.user_id=?
Hibernate: select u1_0.user_id,u1_0.email,u1_0.password,u1_0.role,u1_0.username from users u1_0 where u1_0.user_id=?
Hibernate: select u1_0.user_id,u1_0.email,u1_0.password,u1_0.role,u1_0.username from users u1_0
Hibernate: insert into users (email,password,role,username,user_id) values (?,?,?,?,default)
Hibernate: insert into users (email,password,role,username,user_id) values (?,?,?,?,default)
Hibernate: insert into tasks (assignee_id,author_id,created,description,priority,status,title,updated,task_id) values (?,?,?,?,?,?,?,?,default)
Hibernate: insert into tasks (assignee_id,author_id,created,description,priority,status,title,updated,task_id) values (?,?,?,?,?,?,?,?,default)
Hibernate: insert into tasks (assignee_id,author_id,created,description,priority,status,title,updated,task_id) values (?,?,?,?,?,?,?,?,default)
Hibernate: insert into tasks (assignee_id,author_id,created,description,priority,status,title,updated,task_id) values (?,?,?,?,?,?,?,?,default)
Hibernate: insert into tasks (assignee_id,author_id,created,description,priority,status,title,updated,task_id) values (?,?,?,?,?,?,?,?,default)
Hibernate: insert into tasks (assignee_id,author_id,created,description,priority,status,title,updated,task_id) values (?,?,?,?,?,?,?,?,default)
Hibernate: delete from tasks where task_id=?
Hibernate: delete from tasks where task_id=?
Hibernate: delete from tasks where task_id=?
Hibernate: delete from tasks where task_id=?
Hibernate: delete from users where user_id=?
Hibernate: delete from users where user_id=?
Hibernate: select u1_0.user_id,u1_0.email,u1_0.password,u1_0.role,u1_0.username from users u1_0 where u1_0.username=?
Hibernate: select u1_0.user_id,u1_0.email,u1_0.password,u1_0.role,u1_0.username from users u1_0 where u1_0.username=?
Hibernate: select t1_0.task_id,t1_0.assignee_id,t1_0.author_id,t1_0.created,t1_0.description,t1_0.priority,t1_0.status,t1_0.title,t1_0.updated from tasks t1_0 join users a1_0 on a1_0.user_id=t1_0.author_id join users a2_0 on a2_0.user_id=t1_0.assignee_id where t1_0.status=? and a1_0.user_id=? and a2_0.user_id=?
]]></system-out>
  </testcase>
  <testcase name="hasStatusTest" classname="com.example.taskmanager.perository.specification.TaskSpecificationTest" time="0.022">
    <system-out><![CDATA[Hibernate: select t1_0.task_id,t1_0.assignee_id,t1_0.author_id,t1_0.created,t1_0.description,t1_0.priority,t1_0.status,t1_0.title,t1_0.updated from tasks t1_0
Hibernate: select u1_0.user_id,u1_0.email,u1_0.password,u1_0.role,u1_0.username from users u1_0 where u1_0.user_id=?
Hibernate: select u1_0.user_id,u1_0.email,u1_0.password,u1_0.role,u1_0.username from users u1_0 where u1_0.user_id=?
Hibernate: select u1_0.user_id,u1_0.email,u1_0.password,u1_0.role,u1_0.username from users u1_0
Hibernate: insert into users (email,password,role,username,user_id) values (?,?,?,?,default)
Hibernate: insert into users (email,password,role,username,user_id) values (?,?,?,?,default)
Hibernate: insert into tasks (assignee_id,author_id,created,description,priority,status,title,updated,task_id) values (?,?,?,?,?,?,?,?,default)
Hibernate: insert into tasks (assignee_id,author_id,created,description,priority,status,title,updated,task_id) values (?,?,?,?,?,?,?,?,default)
Hibernate: insert into tasks (assignee_id,author_id,created,description,priority,status,title,updated,task_id) values (?,?,?,?,?,?,?,?,default)
Hibernate: insert into tasks (assignee_id,author_id,created,description,priority,status,title,updated,task_id) values (?,?,?,?,?,?,?,?,default)
Hibernate: insert into tasks (assignee_id,author_id,created,description,priority,status,title,updated,task_id) values (?,?,?,?,?,?,?,?,default)
Hibernate: insert into tasks (assignee_id,author_id,created,description,priority,status,title,updated,task_id) values (?,?,?,?,?,?,?,?,default)
Hibernate: delete from tasks where task_id=?
Hibernate: delete from tasks where task_id=?
Hibernate: delete from tasks where task_id=?
Hibernate: delete from tasks where task_id=?
Hibernate: delete from users where user_id=?
Hibernate: delete from users where user_id=?
Hibernate: select t1_0.task_id,t1_0.assignee_id,t1_0.author_id,t1_0.created,t1_0.description,t1_0.priority,t1_0.status,t1_0.title,t1_0.updated from tasks t1_0 where t1_0.status=?
]]></system-out>
  </testcase>
</testsuite>